<?xml version="1.0" encoding="UTF-8"?>
<coverage generated="1588695320200" clover="3.2.0">
  <project timestamp="1588695320200" name="All files">
    <metrics statements="152" coveredstatements="144" conditionals="57" coveredconditionals="49" methods="52" coveredmethods="52" elements="261" coveredelements="245" complexity="0" loc="152" ncloc="152" packages="5" files="13" classes="13"/>
    <package name="api">
      <metrics statements="32" coveredstatements="27" conditionals="19" coveredconditionals="11" methods="4" coveredmethods="4"/>
      <file name="deckofcards.ts" path="/Users/rwaltenberg/Development/cards/src/api/deckofcards.ts">
        <metrics statements="32" coveredstatements="27" conditionals="19" coveredconditionals="11" methods="4" coveredmethods="4"/>
        <line num="1" count="2" type="stmt"/>
        <line num="2" count="2" type="stmt"/>
        <line num="3" count="2" type="stmt"/>
        <line num="26" count="2" type="stmt"/>
        <line num="27" count="2" type="stmt"/>
        <line num="30" count="1" type="stmt"/>
        <line num="31" count="1" type="stmt"/>
        <line num="32" count="1" type="stmt"/>
        <line num="34" count="1" type="stmt"/>
        <line num="36" count="1" type="cond" truecount="1" falsecount="1"/>
        <line num="37" count="0" type="stmt"/>
        <line num="40" count="1" type="stmt"/>
        <line num="42" count="1" type="stmt"/>
        <line num="44" count="1" type="cond" truecount="1" falsecount="1"/>
        <line num="45" count="0" type="stmt"/>
        <line num="48" count="1" type="stmt"/>
        <line num="50" count="1" type="cond" truecount="1" falsecount="1"/>
        <line num="51" count="0" type="stmt"/>
        <line num="54" count="1" type="cond" truecount="1" falsecount="1"/>
        <line num="56" count="1" type="cond" truecount="1" falsecount="1"/>
        <line num="57" count="0" type="stmt"/>
        <line num="60" count="1" type="stmt"/>
        <line num="64" count="1" type="stmt"/>
        <line num="66" count="1" type="cond" truecount="4" falsecount="1"/>
        <line num="67" count="0" type="stmt"/>
        <line num="70" count="1" type="cond" truecount="1" falsecount="1"/>
        <line num="72" count="1" type="stmt"/>
        <line num="74" count="2" type="stmt"/>
        <line num="75" count="1" type="stmt"/>
        <line num="77" count="1" type="cond" truecount="1" falsecount="1"/>
        <line num="78" count="1" type="stmt"/>
        <line num="81" count="1" type="stmt"/>
      </file>
    </package>
    <package name="components">
      <metrics statements="19" coveredstatements="19" conditionals="4" coveredconditionals="4" methods="7" coveredmethods="7"/>
      <file name="Card.vue" path="/Users/rwaltenberg/Development/cards/src/components/Card.vue">
        <metrics statements="12" coveredstatements="12" conditionals="2" coveredconditionals="2" methods="4" coveredmethods="4"/>
        <line num="2" count="3" type="stmt"/>
        <line num="3" count="3" type="stmt"/>
        <line num="4" count="3" type="stmt"/>
        <line num="7" count="6" type="stmt"/>
        <line num="9" count="3" type="stmt"/>
        <line num="11" count="2" type="stmt"/>
        <line num="12" count="3" type="stmt"/>
        <line num="15" count="2" type="cond" truecount="2" falsecount="0"/>
        <line num="16" count="1" type="stmt"/>
        <line num="19" count="1" type="stmt"/>
        <line num="27" count="40" type="stmt"/>
        <line num="29" count="8" type="stmt"/>
      </file>
      <file name="Desk.vue" path="/Users/rwaltenberg/Development/cards/src/components/Desk.vue">
        <metrics statements="7" coveredstatements="7" conditionals="2" coveredconditionals="2" methods="3" coveredmethods="3"/>
        <line num="2" count="2" type="stmt"/>
        <line num="3" count="2" type="stmt"/>
        <line num="4" count="2" type="stmt"/>
        <line num="11" count="2" type="stmt"/>
        <line num="12" count="1" type="stmt"/>
        <line num="13" count="2" type="stmt"/>
        <line num="16" count="11" type="cond" truecount="2" falsecount="0"/>
      </file>
    </package>
    <package name="config">
      <metrics statements="3" coveredstatements="3" conditionals="0" coveredconditionals="0" methods="0" coveredmethods="0"/>
      <file name="deck.ts" path="/Users/rwaltenberg/Development/cards/src/config/deck.ts">
        <metrics statements="3" coveredstatements="3" conditionals="0" coveredconditionals="0" methods="0" coveredmethods="0"/>
        <line num="1" count="7" type="stmt"/>
        <line num="2" count="7" type="stmt"/>
        <line num="25" count="7" type="stmt"/>
      </file>
    </package>
    <package name="utils">
      <metrics statements="70" coveredstatements="70" conditionals="21" coveredconditionals="21" methods="33" coveredmethods="33"/>
      <file name="card-conversion.ts" path="/Users/rwaltenberg/Development/cards/src/utils/card-conversion.ts">
        <metrics statements="11" coveredstatements="11" conditionals="6" coveredconditionals="6" methods="3" coveredmethods="3"/>
        <line num="1" count="6" type="stmt"/>
        <line num="4" count="49" type="cond" truecount="2" falsecount="0"/>
        <line num="5" count="1" type="stmt"/>
        <line num="8" count="48" type="stmt"/>
        <line num="9" count="48" type="stmt"/>
        <line num="11" count="48" type="cond" truecount="2" falsecount="0"/>
        <line num="12" count="1" type="stmt"/>
        <line num="15" count="107" type="cond" truecount="2" falsecount="0"/>
        <line num="16" count="1" type="stmt"/>
        <line num="19" count="46" type="stmt"/>
        <line num="23" count="300" type="stmt"/>
      </file>
      <file name="combinations.ts" path="/Users/rwaltenberg/Development/cards/src/utils/combinations.ts">
        <metrics statements="14" coveredstatements="14" conditionals="8" coveredconditionals="8" methods="2" coveredmethods="2"/>
        <line num="4" count="112" type="cond" truecount="4" falsecount="0"/>
        <line num="5" count="32" type="stmt"/>
        <line num="8" count="80" type="cond" truecount="2" falsecount="0"/>
        <line num="9" count="32" type="stmt"/>
        <line num="12" count="48" type="cond" truecount="2" falsecount="0"/>
        <line num="13" count="38" type="stmt"/>
        <line num="16" count="31" type="stmt"/>
        <line num="17" count="31" type="stmt"/>
        <line num="19" count="31" type="stmt"/>
        <line num="20" count="105" type="stmt"/>
        <line num="21" count="105" type="stmt"/>
        <line num="22" count="225" type="stmt"/>
        <line num="26" count="31" type="stmt"/>
        <line num="29" count="3" type="stmt"/>
      </file>
      <file name="deck.ts" path="/Users/rwaltenberg/Development/cards/src/utils/deck.ts">
        <metrics statements="24" coveredstatements="24" conditionals="0" coveredconditionals="0" methods="16" coveredmethods="16"/>
        <line num="1" count="2" type="stmt"/>
        <line num="2" count="2" type="stmt"/>
        <line num="4" count="2" type="stmt"/>
        <line num="5" count="2" type="stmt"/>
        <line num="6" count="2" type="stmt"/>
        <line num="7" count="2" type="stmt"/>
        <line num="12" count="5" type="stmt"/>
        <line num="15" count="5" type="stmt"/>
        <line num="16" count="5" type="stmt"/>
        <line num="17" count="5" type="stmt"/>
        <line num="21" count="3" type="stmt"/>
        <line num="25" count="1" type="stmt"/>
        <line num="27" count="1" type="stmt"/>
        <line num="31" count="4" type="stmt"/>
        <line num="35" count="7" type="stmt"/>
        <line num="39" count="6" type="stmt"/>
        <line num="43" count="3" type="stmt"/>
        <line num="47" count="1" type="stmt"/>
        <line num="51" count="3" type="stmt"/>
        <line num="54" count="54" type="stmt"/>
        <line num="55" count="270" type="stmt"/>
        <line num="60" count="54" type="stmt"/>
        <line num="64" count="1" type="stmt"/>
        <line num="68" count="2" type="stmt"/>
      </file>
      <file name="is-full-house.ts" path="/Users/rwaltenberg/Development/cards/src/utils/is-full-house.ts">
        <metrics statements="4" coveredstatements="4" conditionals="2" coveredconditionals="2" methods="2" coveredmethods="2"/>
        <line num="1" count="3" type="stmt"/>
        <line num="4" count="65" type="stmt"/>
        <line num="5" count="325" type="stmt"/>
        <line num="10" count="65" type="cond" truecount="2" falsecount="0"/>
      </file>
      <file name="rotate-array-to-item.ts" path="/Users/rwaltenberg/Development/cards/src/utils/rotate-array-to-item.ts">
        <metrics statements="5" coveredstatements="5" conditionals="2" coveredconditionals="2" methods="1" coveredmethods="1"/>
        <line num="1" count="4" type="stmt"/>
        <line num="4" count="1222" type="stmt"/>
        <line num="6" count="1222" type="cond" truecount="2" falsecount="0"/>
        <line num="7" count="1" type="stmt"/>
        <line num="10" count="1221" type="stmt"/>
      </file>
      <file name="rotate-array.ts" path="/Users/rwaltenberg/Development/cards/src/utils/rotate-array.ts">
        <metrics statements="3" coveredstatements="3" conditionals="2" coveredconditionals="2" methods="1" coveredmethods="1"/>
        <line num="2" count="1224" type="cond" truecount="2" falsecount="0"/>
        <line num="3" count="1" type="stmt"/>
        <line num="6" count="1223" type="stmt"/>
      </file>
      <file name="sort-cards.ts" path="/Users/rwaltenberg/Development/cards/src/utils/sort-cards.ts">
        <metrics statements="9" coveredstatements="9" conditionals="1" coveredconditionals="1" methods="8" coveredmethods="8"/>
        <line num="1" count="3" type="stmt"/>
        <line num="3" count="3" type="stmt"/>
        <line num="4" count="3" type="stmt"/>
        <line num="11" count="610" type="stmt"/>
        <line num="13" count="610" type="stmt"/>
        <line num="18" count="3994" type="stmt"/>
        <line num="22" count="49" type="stmt"/>
        <line num="26" count="277" type="stmt"/>
        <line num="29" count="3" type="stmt"/>
      </file>
    </package>
    <package name="views">
      <metrics statements="28" coveredstatements="25" conditionals="13" coveredconditionals="13" methods="8" coveredmethods="8"/>
      <file name="Create.vue" path="/Users/rwaltenberg/Development/cards/src/views/Create.vue">
        <metrics statements="15" coveredstatements="13" conditionals="5" coveredconditionals="5" methods="4" coveredmethods="4"/>
        <line num="2" count="1" type="stmt"/>
        <line num="5" count="2" type="stmt"/>
        <line num="6" count="33" type="stmt"/>
        <line num="7" count="3" type="stmt"/>
        <line num="8" count="3" type="stmt"/>
        <line num="11" count="59" type="stmt"/>
        <line num="12" count="5" type="stmt"/>
        <line num="14" count="5" type="cond" truecount="5" falsecount="0"/>
        <line num="15" count="3" type="stmt"/>
        <line num="18" count="2" type="stmt"/>
        <line num="20" count="2" type="stmt"/>
        <line num="21" count="2" type="stmt"/>
        <line num="22" count="2" type="stmt"/>
        <line num="24" count="0" type="stmt"/>
        <line num="25" count="0" type="stmt"/>
      </file>
      <file name="Deck.vue" path="/Users/rwaltenberg/Development/cards/src/views/Deck.vue">
        <metrics statements="13" coveredstatements="12" conditionals="8" coveredconditionals="8" methods="4" coveredmethods="4"/>
        <line num="2" count="1" type="stmt"/>
        <line num="4" count="1" type="stmt"/>
        <line num="11" count="1" type="stmt"/>
        <line num="13" count="4" type="stmt"/>
        <line num="17" count="3" type="cond" truecount="2" falsecount="0"/>
        <line num="24" count="3" type="cond" truecount="2" falsecount="0"/>
        <line num="28" count="1" type="stmt"/>
        <line num="29" count="4" type="stmt"/>
        <line num="31" count="4" type="cond" truecount="4" falsecount="0"/>
        <line num="32" count="2" type="stmt"/>
        <line num="35" count="2" type="stmt"/>
        <line num="36" count="2" type="stmt"/>
        <line num="38" count="0" type="stmt"/>
      </file>
    </package>
  </project>
</coverage>
