{"/Users/rwaltenberg/Development/cards/src/api/deckofcards.ts": {"path":"/Users/rwaltenberg/Development/cards/src/api/deckofcards.ts","statementMap":{"0":{"start":{"line":1,"column":0},"end":{"line":1,"column":null}},"1":{"start":{"line":2,"column":0},"end":{"line":2,"column":null}},"2":{"start":{"line":3,"column":0},"end":{"line":3,"column":null}},"3":{"start":{"line":30,"column":24},"end":{"line":30,"column":29}},"4":{"start":{"line":31,"column":27},"end":{"line":31,"column":40}},"5":{"start":{"line":32,"column":23},"end":{"line":32,"column":28}},"6":{"start":{"line":34,"column":33},"end":{"line":34,"column":44}},"7":{"start":{"line":36,"column":4},"end":{"line":38,"column":null}},"8":{"start":{"line":37,"column":6},"end":{"line":37,"column":12}},"9":{"start":{"line":40,"column":15},"end":{"line":40,"column":null}},"10":{"start":{"line":42,"column":31},"end":{"line":42,"column":42}},"11":{"start":{"line":44,"column":4},"end":{"line":46,"column":null}},"12":{"start":{"line":45,"column":6},"end":{"line":45,"column":12}},"13":{"start":{"line":48,"column":31},"end":{"line":48,"column":42}},"14":{"start":{"line":50,"column":4},"end":{"line":52,"column":null}},"15":{"start":{"line":51,"column":6},"end":{"line":51,"column":12}},"16":{"start":{"line":54,"column":39},"end":{"line":54,"column":50}},"17":{"start":{"line":56,"column":4},"end":{"line":58,"column":null}},"18":{"start":{"line":57,"column":6},"end":{"line":57,"column":12}},"19":{"start":{"line":60,"column":4},"end":{"line":60,"column":11}},"20":{"start":{"line":64,"column":21},"end":{"line":64,"column":32}},"21":{"start":{"line":66,"column":4},"end":{"line":68,"column":null}},"22":{"start":{"line":67,"column":6},"end":{"line":67,"column":12}},"23":{"start":{"line":70,"column":25},"end":{"line":70,"column":null}},"24":{"start":{"line":72,"column":35},"end":{"line":72,"column":46}},"25":{"start":{"line":74,"column":18},"end":{"line":74,"column":22}},"26":{"start":{"line":74,"column":50},"end":{"line":74,"column":null}},"27":{"start":{"line":75,"column":21},"end":{"line":75,"column":33}},"28":{"start":{"line":75,"column":69},"end":{"line":75,"column":77}},"29":{"start":{"line":77,"column":4},"end":{"line":79,"column":null}},"30":{"start":{"line":78,"column":6},"end":{"line":78,"column":11}},"31":{"start":{"line":81,"column":4},"end":{"line":81,"column":11}},"32":{"start":{"line":26,"column":26},"end":{"line":26,"column":45}},"33":{"start":{"line":27,"column":26},"end":{"line":27,"column":33}}},"fnMap":{"0":{"name":"(anonymous_0)","decl":{"start":{"line":29,"column":9},"end":{"line":29,"column":22}},"loc":{"start":{"line":29,"column":70},"end":{"line":61,"column":null}}},"1":{"name":"(anonymous_1)","decl":{"start":{"line":63,"column":9},"end":{"line":63,"column":22}},"loc":{"start":{"line":63,"column":47},"end":{"line":85,"column":null}}},"2":{"name":"(anonymous_2)","decl":{"start":{"line":74,"column":45},"end":{"line":74,"column":46}},"loc":{"start":{"line":74,"column":50},"end":{"line":74,"column":null}}},"3":{"name":"(anonymous_3)","decl":{"start":{"line":75,"column":64},"end":{"line":75,"column":65}},"loc":{"start":{"line":75,"column":69},"end":{"line":75,"column":77}}}},"branchMap":{"0":{"loc":{"start":{"line":36,"column":4},"end":{"line":38,"column":null}},"type":"if","locations":[{"start":{"line":36,"column":4},"end":{"line":38,"column":null}},{"start":{"line":36,"column":4},"end":{"line":38,"column":null}}]},"1":{"loc":{"start":{"line":44,"column":4},"end":{"line":46,"column":null}},"type":"if","locations":[{"start":{"line":44,"column":4},"end":{"line":46,"column":null}},{"start":{"line":44,"column":4},"end":{"line":46,"column":null}}]},"2":{"loc":{"start":{"line":50,"column":4},"end":{"line":52,"column":null}},"type":"if","locations":[{"start":{"line":50,"column":4},"end":{"line":52,"column":null}},{"start":{"line":50,"column":4},"end":{"line":52,"column":null}}]},"3":{"loc":{"start":{"line":54,"column":117},"end":{"line":54,"column":130}},"type":"cond-expr","locations":[{"start":{"line":54,"column":117},"end":{"line":54,"column":130}},{"start":{"line":54,"column":130},"end":{"line":54,"column":140}}]},"4":{"loc":{"start":{"line":56,"column":4},"end":{"line":58,"column":null}},"type":"if","locations":[{"start":{"line":56,"column":4},"end":{"line":58,"column":null}},{"start":{"line":56,"column":4},"end":{"line":58,"column":null}}]},"5":{"loc":{"start":{"line":66,"column":4},"end":{"line":68,"column":null}},"type":"if","locations":[{"start":{"line":66,"column":4},"end":{"line":68,"column":null}},{"start":{"line":66,"column":4},"end":{"line":68,"column":null}}]},"6":{"loc":{"start":{"line":66,"column":8},"end":{"line":66,"column":25}},"type":"binary-expr","locations":[{"start":{"line":66,"column":8},"end":{"line":66,"column":25}},{"start":{"line":66,"column":25},"end":{"line":66,"column":46}},{"start":{"line":66,"column":46},"end":{"line":66,"column":81}}]},"7":{"loc":{"start":{"line":70,"column":47},"end":{"line":70,"column":60}},"type":"cond-expr","locations":[{"start":{"line":70,"column":47},"end":{"line":70,"column":60}},{"start":{"line":70,"column":60},"end":{"line":70,"column":null}}]},"8":{"loc":{"start":{"line":77,"column":4},"end":{"line":79,"column":null}},"type":"if","locations":[{"start":{"line":77,"column":4},"end":{"line":79,"column":null}},{"start":{"line":77,"column":4},"end":{"line":79,"column":null}}]}},"s":{"0":2,"1":2,"2":2,"3":1,"4":1,"5":1,"6":1,"7":1,"8":0,"9":1,"10":1,"11":1,"12":0,"13":1,"14":1,"15":0,"16":1,"17":1,"18":0,"19":1,"20":1,"21":1,"22":0,"23":1,"24":1,"25":1,"26":2,"27":1,"28":1,"29":1,"30":1,"31":1,"32":2,"33":2},"f":{"0":1,"1":1,"2":2,"3":1},"b":{"0":[0,1],"1":[0,1],"2":[0,1],"3":[0,1],"4":[0,1],"5":[0,1],"6":[1,1,1],"7":[1,0],"8":[1,0]}}
,"/Users/rwaltenberg/Development/cards/src/components/Card.vue": {"path":"/Users/rwaltenberg/Development/cards/src/components/Card.vue","statementMap":{"0":{"start":{"line":2,"column":0},"end":{"line":2,"column":null}},"1":{"start":{"line":3,"column":0},"end":{"line":3,"column":null}},"2":{"start":{"line":4,"column":0},"end":{"line":4,"column":null}},"3":{"start":{"line":7,"column":0},"end":{"line":7,"column":null}},"4":{"start":{"line":15,"column":0},"end":{"line":17,"column":null}},"5":{"start":{"line":16,"column":0},"end":{"line":16,"column":null}},"6":{"start":{"line":19,"column":0},"end":{"line":19,"column":null}},"7":{"start":{"line":27,"column":0},"end":{"line":27,"column":null}},"8":{"start":{"line":29,"column":0},"end":{"line":29,"column":null}},"9":{"start":{"line":9,"column":0},"end":{"line":8,"column":null}},"10":{"start":{"line":12,"column":0},"end":{"line":11,"column":null}},"11":{"start":{"line":11,"column":0},"end":{"line":11,"column":null}}},"fnMap":{"0":{"name":"(anonymous_1)","decl":{"start":{"line":14,"column":0},"end":{"line":14,"column":null}},"loc":{"start":{"line":14,"column":0},"end":{"line":20,"column":null}}},"1":{"name":"(anonymous_2)","decl":{"start":{"line":22,"column":0},"end":{"line":22,"column":null}},"loc":{"start":{"line":22,"column":0},"end":{"line":30,"column":null}}},"2":{"name":"(anonymous_3)","decl":{"start":{"line":27,"column":0},"end":{"line":27,"column":null}},"loc":{"start":{"line":27,"column":0},"end":{"line":27,"column":null}}},"3":{"name":"(anonymous_4)","decl":{"start":{"line":11,"column":0},"end":{"line":11,"column":null}},"loc":{"start":{"line":11,"column":0},"end":{"line":11,"column":null}}}},"branchMap":{"0":{"loc":{"start":{"line":15,"column":0},"end":{"line":17,"column":null}},"type":"if","locations":[{"start":{"line":15,"column":0},"end":{"line":17,"column":null}},{"start":{"line":15,"column":0},"end":{"line":17,"column":null}}]}},"s":{"0":3,"1":3,"2":3,"3":6,"4":2,"5":1,"6":1,"7":40,"8":8,"9":3,"10":3,"11":2},"f":{"0":2,"1":8,"2":32,"3":2},"b":{"0":[1,1]}}
,"/Users/rwaltenberg/Development/cards/src/components/Desk.vue": {"path":"/Users/rwaltenberg/Development/cards/src/components/Desk.vue","statementMap":{"0":{"start":{"line":2,"column":0},"end":{"line":2,"column":null}},"1":{"start":{"line":3,"column":0},"end":{"line":3,"column":null}},"2":{"start":{"line":4,"column":0},"end":{"line":4,"column":null}},"3":{"start":{"line":11,"column":0},"end":{"line":11,"column":null}},"4":{"start":{"line":16,"column":0},"end":{"line":16,"column":null}},"5":{"start":{"line":13,"column":0},"end":{"line":12,"column":null}},"6":{"start":{"line":12,"column":0},"end":{"line":12,"column":null}},"7":{"start":{"line":11,"column":0},"end":{"line":6,"column":null}}},"fnMap":{"0":{"name":"(anonymous_1)","decl":{"start":{"line":15,"column":0},"end":{"line":15,"column":null}},"loc":{"start":{"line":15,"column":0},"end":{"line":17,"column":null}}},"1":{"name":"(anonymous_2)","decl":{"start":{"line":16,"column":0},"end":{"line":16,"column":null}},"loc":{"start":{"line":16,"column":0},"end":{"line":16,"column":null}}},"2":{"name":"(anonymous_3)","decl":{"start":{"line":12,"column":0},"end":{"line":12,"column":null}},"loc":{"start":{"line":12,"column":0},"end":{"line":12,"column":null}}}},"branchMap":{"0":{"loc":{"start":{"line":16,"column":0},"end":{"line":16,"column":null}},"type":"cond-expr","locations":[{"start":{"line":16,"column":0},"end":{"line":16,"column":null}},{"start":{"line":16,"column":0},"end":{"line":16,"column":null}}]}},"s":{"0":2,"1":2,"2":2,"3":2,"4":11,"5":2,"6":1,"7":2},"f":{"0":3,"1":8,"2":1},"b":{"0":[4,4]}}
,"/Users/rwaltenberg/Development/cards/src/config/deck.ts": {"path":"/Users/rwaltenberg/Development/cards/src/config/deck.ts","statementMap":{"0":{"start":{"line":1,"column":21},"end":{"line":1,"column":27}},"1":{"start":{"line":2,"column":21},"end":{"line":2,"column":27}},"2":{"start":{"line":25,"column":15},"end":{"line":25,"column":null}}},"fnMap":{},"branchMap":{},"s":{"0":7,"1":7,"2":7},"f":{},"b":{}}
,"/Users/rwaltenberg/Development/cards/src/utils/card-conversion.ts": {"path":"/Users/rwaltenberg/Development/cards/src/utils/card-conversion.ts","statementMap":{"0":{"start":{"line":1,"column":0},"end":{"line":1,"column":null}},"1":{"start":{"line":4,"column":2},"end":{"line":6,"column":null}},"2":{"start":{"line":5,"column":4},"end":{"line":5,"column":10}},"3":{"start":{"line":8,"column":15},"end":{"line":8,"column":18}},"4":{"start":{"line":9,"column":15},"end":{"line":9,"column":18}},"5":{"start":{"line":11,"column":2},"end":{"line":13,"column":null}},"6":{"start":{"line":12,"column":4},"end":{"line":12,"column":10}},"7":{"start":{"line":15,"column":2},"end":{"line":17,"column":null}},"8":{"start":{"line":15,"column":23},"end":{"line":15,"column":41}},"9":{"start":{"line":16,"column":4},"end":{"line":16,"column":10}},"10":{"start":{"line":19,"column":2},"end":{"line":19,"column":9}},"11":{"start":{"line":23,"column":2},"end":{"line":23,"column":9}}},"fnMap":{"0":{"name":"StringToCard","decl":{"start":{"line":3,"column":16},"end":{"line":3,"column":30}},"loc":{"start":{"line":3,"column":41},"end":{"line":20,"column":null}}},"1":{"name":"(anonymous_1)","decl":{"start":{"line":15,"column":18},"end":{"line":15,"column":19}},"loc":{"start":{"line":15,"column":23},"end":{"line":15,"column":41}}},"2":{"name":"CardToString","decl":{"start":{"line":22,"column":16},"end":{"line":22,"column":30}},"loc":{"start":{"line":22,"column":40},"end":{"line":24,"column":null}}}},"branchMap":{"0":{"loc":{"start":{"line":4,"column":2},"end":{"line":6,"column":null}},"type":"if","locations":[{"start":{"line":4,"column":2},"end":{"line":6,"column":null}},{"start":{"line":4,"column":2},"end":{"line":6,"column":null}}]},"1":{"loc":{"start":{"line":11,"column":2},"end":{"line":13,"column":null}},"type":"if","locations":[{"start":{"line":11,"column":2},"end":{"line":13,"column":null}},{"start":{"line":11,"column":2},"end":{"line":13,"column":null}}]},"2":{"loc":{"start":{"line":15,"column":2},"end":{"line":17,"column":null}},"type":"if","locations":[{"start":{"line":15,"column":2},"end":{"line":17,"column":null}},{"start":{"line":15,"column":2},"end":{"line":17,"column":null}}]}},"s":{"0":6,"1":49,"2":1,"3":48,"4":48,"5":48,"6":1,"7":47,"8":107,"9":1,"10":46,"11":300},"f":{"0":49,"1":107,"2":300},"b":{"0":[1,48],"1":[1,47],"2":[1,46]}}
,"/Users/rwaltenberg/Development/cards/src/utils/combinations.ts": {"path":"/Users/rwaltenberg/Development/cards/src/utils/combinations.ts","statementMap":{"0":{"start":{"line":4,"column":2},"end":{"line":6,"column":null}},"1":{"start":{"line":5,"column":4},"end":{"line":5,"column":11}},"2":{"start":{"line":8,"column":2},"end":{"line":10,"column":null}},"3":{"start":{"line":9,"column":4},"end":{"line":9,"column":11}},"4":{"start":{"line":12,"column":2},"end":{"line":14,"column":null}},"5":{"start":{"line":13,"column":4},"end":{"line":13,"column":11}},"6":{"start":{"line":13,"column":36},"end":{"line":13,"column":37}},"7":{"start":{"line":16,"column":16},"end":{"line":16,"column":null}},"8":{"start":{"line":17,"column":18},"end":{"line":17,"column":null}},"9":{"start":{"line":19,"column":2},"end":{"line":24,"column":null}},"10":{"start":{"line":19,"column":15},"end":{"line":19,"column":18}},"11":{"start":{"line":20,"column":4},"end":{"line":20,"column":13}},"12":{"start":{"line":21,"column":4},"end":{"line":23,"column":null}},"13":{"start":{"line":21,"column":17},"end":{"line":21,"column":20}},"14":{"start":{"line":22,"column":6},"end":{"line":22,"column":11}},"15":{"start":{"line":26,"column":2},"end":{"line":26,"column":9}},"16":{"start":{"line":29,"column":15},"end":{"line":29,"column":null}}},"fnMap":{"0":{"name":"combinations","decl":{"start":{"line":3,"column":16},"end":{"line":3,"column":33}},"loc":{"start":{"line":3,"column":61},"end":{"line":27,"column":null}}},"1":{"name":"(anonymous_1)","decl":{"start":{"line":13,"column":22},"end":{"line":13,"column":23}},"loc":{"start":{"line":13,"column":36},"end":{"line":13,"column":37}}}},"branchMap":{"0":{"loc":{"start":{"line":4,"column":2},"end":{"line":6,"column":null}},"type":"if","locations":[{"start":{"line":4,"column":2},"end":{"line":6,"column":null}},{"start":{"line":4,"column":2},"end":{"line":6,"column":null}}]},"1":{"loc":{"start":{"line":4,"column":6},"end":{"line":4,"column":24}},"type":"binary-expr","locations":[{"start":{"line":4,"column":6},"end":{"line":4,"column":24}},{"start":{"line":4,"column":24},"end":{"line":4,"column":32}}]},"2":{"loc":{"start":{"line":8,"column":2},"end":{"line":10,"column":null}},"type":"if","locations":[{"start":{"line":8,"column":2},"end":{"line":10,"column":null}},{"start":{"line":8,"column":2},"end":{"line":10,"column":null}}]},"3":{"loc":{"start":{"line":12,"column":2},"end":{"line":14,"column":null}},"type":"if","locations":[{"start":{"line":12,"column":2},"end":{"line":14,"column":null}},{"start":{"line":12,"column":2},"end":{"line":14,"column":null}}]}},"s":{"0":112,"1":32,"2":80,"3":32,"4":48,"5":17,"6":38,"7":31,"8":31,"9":31,"10":31,"11":105,"12":105,"13":105,"14":225,"15":31,"16":3},"f":{"0":112,"1":38},"b":{"0":[32,80],"1":[112,81],"2":[32,48],"3":[17,31]}}
,"/Users/rwaltenberg/Development/cards/src/utils/deck.ts": {"path":"/Users/rwaltenberg/Development/cards/src/utils/deck.ts","statementMap":{"0":{"start":{"line":1,"column":0},"end":{"line":1,"column":null}},"1":{"start":{"line":2,"column":0},"end":{"line":2,"column":null}},"2":{"start":{"line":4,"column":0},"end":{"line":4,"column":null}},"3":{"start":{"line":5,"column":0},"end":{"line":5,"column":null}},"4":{"start":{"line":6,"column":0},"end":{"line":6,"column":null}},"5":{"start":{"line":7,"column":0},"end":{"line":7,"column":null}},"6":{"start":{"line":12,"column":10},"end":{"line":12,"column":26}},"7":{"start":{"line":15,"column":4},"end":{"line":15,"column":9}},"8":{"start":{"line":16,"column":4},"end":{"line":16,"column":9}},"9":{"start":{"line":17,"column":4},"end":{"line":17,"column":9}},"10":{"start":{"line":21,"column":4},"end":{"line":21,"column":11}},"11":{"start":{"line":25,"column":32},"end":{"line":25,"column":50}},"12":{"start":{"line":27,"column":4},"end":{"line":27,"column":11}},"13":{"start":{"line":31,"column":4},"end":{"line":31,"column":11}},"14":{"start":{"line":35,"column":4},"end":{"line":35,"column":11}},"15":{"start":{"line":35,"column":34},"end":{"line":35,"column":38}},"16":{"start":{"line":39,"column":4},"end":{"line":39,"column":11}},"17":{"start":{"line":43,"column":4},"end":{"line":43,"column":11}},"18":{"start":{"line":47,"column":4},"end":{"line":47,"column":11}},"19":{"start":{"line":51,"column":4},"end":{"line":51,"column":11}},"20":{"start":{"line":54,"column":20},"end":{"line":54,"column":31}},"21":{"start":{"line":55,"column":13},"end":{"line":55,"column":16}},"22":{"start":{"line":55,"column":39},"end":{"line":55,"column":54}},"23":{"start":{"line":60,"column":4},"end":{"line":60,"column":11}},"24":{"start":{"line":60,"column":41},"end":{"line":60,"column":42}},"25":{"start":{"line":64,"column":4},"end":{"line":64,"column":9}},"26":{"start":{"line":68,"column":15},"end":{"line":68,"column":null}}},"fnMap":{"0":{"name":"(anonymous_0)","decl":{"start":{"line":14,"column":2},"end":{"line":14,"column":15}},"loc":{"start":{"line":14,"column":65},"end":{"line":18,"column":null}}},"1":{"name":"(anonymous_1)","decl":{"start":{"line":20,"column":2},"end":{"line":20,"column":13}},"loc":{"start":{"line":20,"column":22},"end":{"line":22,"column":null}}},"2":{"name":"(anonymous_2)","decl":{"start":{"line":24,"column":9},"end":{"line":24,"column":22}},"loc":{"start":{"line":24,"column":48},"end":{"line":28,"column":null}}},"3":{"name":"(anonymous_3)","decl":{"start":{"line":30,"column":9},"end":{"line":30,"column":14}},"loc":{"start":{"line":30,"column":14},"end":{"line":32,"column":null}}},"4":{"name":"(anonymous_4)","decl":{"start":{"line":34,"column":9},"end":{"line":34,"column":17}},"loc":{"start":{"line":34,"column":17},"end":{"line":36,"column":null}}},"5":{"name":"(anonymous_5)","decl":{"start":{"line":35,"column":26},"end":{"line":35,"column":30}},"loc":{"start":{"line":35,"column":34},"end":{"line":35,"column":38}}},"6":{"name":"(anonymous_6)","decl":{"start":{"line":38,"column":9},"end":{"line":38,"column":23}},"loc":{"start":{"line":38,"column":23},"end":{"line":40,"column":null}}},"7":{"name":"(anonymous_7)","decl":{"start":{"line":42,"column":9},"end":{"line":42,"column":24}},"loc":{"start":{"line":42,"column":24},"end":{"line":44,"column":null}}},"8":{"name":"(anonymous_8)","decl":{"start":{"line":46,"column":9},"end":{"line":46,"column":20}},"loc":{"start":{"line":46,"column":20},"end":{"line":48,"column":null}}},"9":{"name":"(anonymous_9)","decl":{"start":{"line":50,"column":9},"end":{"line":50,"column":22}},"loc":{"start":{"line":50,"column":22},"end":{"line":57,"column":null}}},"10":{"name":"(anonymous_10)","decl":{"start":{"line":54,"column":13},"end":{"line":54,"column":16}},"loc":{"start":{"line":54,"column":20},"end":{"line":54,"column":31}}},"11":{"name":"(anonymous_11)","decl":{"start":{"line":55,"column":6},"end":{"line":55,"column":9}},"loc":{"start":{"line":55,"column":13},"end":{"line":55,"column":16}}},"12":{"name":"(anonymous_12)","decl":{"start":{"line":55,"column":24},"end":{"line":55,"column":25}},"loc":{"start":{"line":55,"column":39},"end":{"line":55,"column":54}}},"13":{"name":"(anonymous_13)","decl":{"start":{"line":59,"column":9},"end":{"line":59,"column":28}},"loc":{"start":{"line":59,"column":28},"end":{"line":61,"column":null}}},"14":{"name":"(anonymous_14)","decl":{"start":{"line":60,"column":36},"end":{"line":60,"column":37}},"loc":{"start":{"line":60,"column":41},"end":{"line":60,"column":42}}},"15":{"name":"(anonymous_15)","decl":{"start":{"line":63,"column":9},"end":{"line":63,"column":15}},"loc":{"start":{"line":63,"column":19},"end":{"line":65,"column":null}}}},"branchMap":{},"s":{"0":2,"1":2,"2":2,"3":2,"4":2,"5":2,"6":5,"7":5,"8":5,"9":5,"10":3,"11":1,"12":1,"13":4,"14":1,"15":7,"16":6,"17":3,"18":1,"19":3,"20":54,"21":54,"22":270,"23":3,"24":54,"25":1,"26":2},"f":{"0":5,"1":3,"2":1,"3":4,"4":1,"5":7,"6":6,"7":3,"8":1,"9":3,"10":54,"11":54,"12":270,"13":3,"14":54,"15":1},"b":{}}
,"/Users/rwaltenberg/Development/cards/src/utils/is-full-house.ts": {"path":"/Users/rwaltenberg/Development/cards/src/utils/is-full-house.ts","statementMap":{"0":{"start":{"line":1,"column":0},"end":{"line":1,"column":null}},"1":{"start":{"line":4,"column":17},"end":{"line":4,"column":23}},"2":{"start":{"line":5,"column":21},"end":{"line":5,"column":26}},"3":{"start":{"line":10,"column":2},"end":{"line":10,"column":9}}},"fnMap":{"0":{"name":"isFullHouse","decl":{"start":{"line":3,"column":16},"end":{"line":3,"column":29}},"loc":{"start":{"line":3,"column":49},"end":{"line":11,"column":null}}},"1":{"name":"(anonymous_1)","decl":{"start":{"line":5,"column":13},"end":{"line":5,"column":17}},"loc":{"start":{"line":5,"column":21},"end":{"line":5,"column":26}}}},"branchMap":{"0":{"loc":{"start":{"line":10,"column":9},"end":{"line":10,"column":32}},"type":"binary-expr","locations":[{"start":{"line":10,"column":9},"end":{"line":10,"column":32}},{"start":{"line":10,"column":32},"end":{"line":10,"column":null}}]}},"s":{"0":3,"1":65,"2":325,"3":65},"f":{"0":65,"1":325},"b":{"0":[65,64]}}
,"/Users/rwaltenberg/Development/cards/src/utils/rotate-array-to-item.ts": {"path":"/Users/rwaltenberg/Development/cards/src/utils/rotate-array-to-item.ts","statementMap":{"0":{"start":{"line":1,"column":0},"end":{"line":1,"column":null}},"1":{"start":{"line":4,"column":16},"end":{"line":4,"column":21}},"2":{"start":{"line":6,"column":2},"end":{"line":8,"column":null}},"3":{"start":{"line":7,"column":4},"end":{"line":7,"column":10}},"4":{"start":{"line":10,"column":2},"end":{"line":10,"column":9}}},"fnMap":{"0":{"name":"rotateArrayToItem","decl":{"start":{"line":3,"column":24},"end":{"line":3,"column":46}},"loc":{"start":{"line":3,"column":74},"end":{"line":11,"column":null}}}},"branchMap":{"0":{"loc":{"start":{"line":6,"column":2},"end":{"line":8,"column":null}},"type":"if","locations":[{"start":{"line":6,"column":2},"end":{"line":8,"column":null}},{"start":{"line":6,"column":2},"end":{"line":8,"column":null}}]}},"s":{"0":4,"1":1222,"2":1222,"3":1,"4":1221},"f":{"0":1222},"b":{"0":[1,1221]}}
,"/Users/rwaltenberg/Development/cards/src/utils/rotate-array.ts": {"path":"/Users/rwaltenberg/Development/cards/src/utils/rotate-array.ts","statementMap":{"0":{"start":{"line":2,"column":2},"end":{"line":4,"column":null}},"1":{"start":{"line":3,"column":4},"end":{"line":3,"column":11}},"2":{"start":{"line":6,"column":2},"end":{"line":6,"column":9}}},"fnMap":{"0":{"name":"rotateArray","decl":{"start":{"line":1,"column":24},"end":{"line":1,"column":40}},"loc":{"start":{"line":1,"column":74},"end":{"line":7,"column":null}}}},"branchMap":{"0":{"loc":{"start":{"line":2,"column":2},"end":{"line":4,"column":null}},"type":"if","locations":[{"start":{"line":2,"column":2},"end":{"line":4,"column":null}},{"start":{"line":2,"column":2},"end":{"line":4,"column":null}}]}},"s":{"0":1224,"1":1,"2":1223},"f":{"0":1224},"b":{"0":[1,1223]}}
,"/Users/rwaltenberg/Development/cards/src/utils/sort-cards.ts": {"path":"/Users/rwaltenberg/Development/cards/src/utils/sort-cards.ts","statementMap":{"0":{"start":{"line":1,"column":0},"end":{"line":1,"column":null}},"1":{"start":{"line":3,"column":0},"end":{"line":3,"column":null}},"2":{"start":{"line":4,"column":0},"end":{"line":4,"column":null}},"3":{"start":{"line":11,"column":23},"end":{"line":11,"column":29}},"4":{"start":{"line":11,"column":39},"end":{"line":11,"column":59}},"5":{"start":{"line":13,"column":16},"end":{"line":13,"column":null}},"6":{"start":{"line":18,"column":2},"end":{"line":18,"column":9}},"7":{"start":{"line":18,"column":36},"end":{"line":18,"column":47}},"8":{"start":{"line":18,"column":93},"end":{"line":18,"column":109}},"9":{"start":{"line":22,"column":2},"end":{"line":22,"column":9}},"10":{"start":{"line":22,"column":29},"end":{"line":22,"column":38}},"11":{"start":{"line":26,"column":2},"end":{"line":26,"column":9}},"12":{"start":{"line":26,"column":29},"end":{"line":26,"column":38}},"13":{"start":{"line":29,"column":15},"end":{"line":29,"column":null}}},"fnMap":{"0":{"name":"rankCard","decl":{"start":{"line":6,"column":16},"end":{"line":6,"column":26}},"loc":{"start":{"line":6,"column":90},"end":{"line":19,"column":null}}},"1":{"name":"(anonymous_1)","decl":{"start":{"line":11,"column":34},"end":{"line":11,"column":35}},"loc":{"start":{"line":11,"column":39},"end":{"line":11,"column":59}}},"2":{"name":"(anonymous_2)","decl":{"start":{"line":18,"column":31},"end":{"line":18,"column":32}},"loc":{"start":{"line":18,"column":36},"end":{"line":18,"column":47}}},"3":{"name":"(anonymous_3)","decl":{"start":{"line":18,"column":88},"end":{"line":18,"column":89}},"loc":{"start":{"line":18,"column":93},"end":{"line":18,"column":109}}},"4":{"name":"sortCards","decl":{"start":{"line":21,"column":16},"end":{"line":21,"column":27}},"loc":{"start":{"line":21,"column":63},"end":{"line":23,"column":null}}},"5":{"name":"(anonymous_5)","decl":{"start":{"line":22,"column":21},"end":{"line":22,"column":25}},"loc":{"start":{"line":22,"column":29},"end":{"line":22,"column":38}}},"6":{"name":"sortByRank","decl":{"start":{"line":25,"column":16},"end":{"line":25,"column":28}},"loc":{"start":{"line":25,"column":64},"end":{"line":27,"column":null}}},"7":{"name":"(anonymous_7)","decl":{"start":{"line":26,"column":21},"end":{"line":26,"column":25}},"loc":{"start":{"line":26,"column":29},"end":{"line":26,"column":38}}}},"branchMap":{"0":{"loc":{"start":{"line":6,"column":82},"end":{"line":6,"column":83}},"type":"default-arg","locations":[{"start":{"line":6,"column":82},"end":{"line":6,"column":83}}]}},"s":{"0":3,"1":3,"2":3,"3":610,"4":610,"5":610,"6":610,"7":3994,"8":1384,"9":7,"10":49,"11":55,"12":277,"13":3},"f":{"0":610,"1":610,"2":3994,"3":1384,"4":7,"5":49,"6":55,"7":277},"b":{"0":[56]}}
,"/Users/rwaltenberg/Development/cards/src/views/Create.vue": {"path":"/Users/rwaltenberg/Development/cards/src/views/Create.vue","statementMap":{"0":{"start":{"line":2,"column":0},"end":{"line":2,"column":null}},"1":{"start":{"line":5,"column":0},"end":{"line":5,"column":null}},"2":{"start":{"line":6,"column":0},"end":{"line":6,"column":null}},"3":{"start":{"line":7,"column":0},"end":{"line":7,"column":null}},"4":{"start":{"line":8,"column":0},"end":{"line":8,"column":null}},"5":{"start":{"line":11,"column":0},"end":{"line":11,"column":null}},"6":{"start":{"line":12,"column":0},"end":{"line":12,"column":null}},"7":{"start":{"line":14,"column":0},"end":{"line":16,"column":null}},"8":{"start":{"line":15,"column":0},"end":{"line":15,"column":null}},"9":{"start":{"line":18,"column":0},"end":{"line":18,"column":null}},"10":{"start":{"line":20,"column":0},"end":{"line":26,"column":null}},"11":{"start":{"line":21,"column":0},"end":{"line":21,"column":null}},"12":{"start":{"line":22,"column":0},"end":{"line":22,"column":null}},"13":{"start":{"line":24,"column":0},"end":{"line":24,"column":null}},"14":{"start":{"line":25,"column":0},"end":{"line":25,"column":null}}},"fnMap":{"0":{"name":"(anonymous_1)","decl":{"start":{"line":5,"column":0},"end":{"line":5,"column":null}},"loc":{"start":{"line":5,"column":0},"end":{"line":28,"column":null}}},"1":{"name":"(anonymous_2)","decl":{"start":{"line":6,"column":0},"end":{"line":6,"column":null}},"loc":{"start":{"line":6,"column":0},"end":{"line":6,"column":null}}},"2":{"name":"(anonymous_3)","decl":{"start":{"line":10,"column":0},"end":{"line":10,"column":null}},"loc":{"start":{"line":10,"column":0},"end":{"line":27,"column":null}}},"3":{"name":"(anonymous_4)","decl":{"start":{"line":11,"column":0},"end":{"line":11,"column":null}},"loc":{"start":{"line":11,"column":0},"end":{"line":11,"column":null}}}},"branchMap":{"0":{"loc":{"start":{"line":14,"column":0},"end":{"line":16,"column":null}},"type":"if","locations":[{"start":{"line":14,"column":0},"end":{"line":16,"column":null}},{"start":{"line":14,"column":0},"end":{"line":16,"column":null}}]},"1":{"loc":{"start":{"line":14,"column":0},"end":{"line":14,"column":null}},"type":"binary-expr","locations":[{"start":{"line":14,"column":0},"end":{"line":14,"column":null}},{"start":{"line":14,"column":0},"end":{"line":14,"column":null}},{"start":{"line":14,"column":0},"end":{"line":14,"column":null}}]}},"s":{"0":1,"1":2,"2":33,"3":3,"4":3,"5":59,"6":5,"7":5,"8":3,"9":2,"10":2,"11":2,"12":2,"13":0,"14":0},"f":{"0":3,"1":30,"2":5,"3":54},"b":{"0":[3,2],"1":[5,4,3]}}
,"/Users/rwaltenberg/Development/cards/src/views/Deck.vue": {"path":"/Users/rwaltenberg/Development/cards/src/views/Deck.vue","statementMap":{"0":{"start":{"line":2,"column":0},"end":{"line":2,"column":null}},"1":{"start":{"line":4,"column":0},"end":{"line":4,"column":null}},"2":{"start":{"line":11,"column":0},"end":{"line":11,"column":null}},"3":{"start":{"line":13,"column":0},"end":{"line":13,"column":null}},"4":{"start":{"line":17,"column":0},"end":{"line":17,"column":null}},"5":{"start":{"line":24,"column":0},"end":{"line":24,"column":null}},"6":{"start":{"line":29,"column":0},"end":{"line":29,"column":null}},"7":{"start":{"line":31,"column":0},"end":{"line":33,"column":null}},"8":{"start":{"line":32,"column":0},"end":{"line":32,"column":null}},"9":{"start":{"line":35,"column":0},"end":{"line":39,"column":null}},"10":{"start":{"line":36,"column":0},"end":{"line":36,"column":null}},"11":{"start":{"line":38,"column":0},"end":{"line":38,"column":null}},"12":{"start":{"line":28,"column":0},"end":{"line":27,"column":null}},"13":{"start":{"line":11,"column":0},"end":{"line":6,"column":null}}},"fnMap":{"0":{"name":"(anonymous_1)","decl":{"start":{"line":12,"column":0},"end":{"line":12,"column":null}},"loc":{"start":{"line":12,"column":0},"end":{"line":14,"column":null}}},"1":{"name":"(anonymous_2)","decl":{"start":{"line":16,"column":0},"end":{"line":16,"column":null}},"loc":{"start":{"line":16,"column":0},"end":{"line":21,"column":null}}},"2":{"name":"(anonymous_3)","decl":{"start":{"line":23,"column":0},"end":{"line":23,"column":null}},"loc":{"start":{"line":23,"column":0},"end":{"line":25,"column":null}}},"3":{"name":"(anonymous_4)","decl":{"start":{"line":28,"column":0},"end":{"line":28,"column":null}},"loc":{"start":{"line":28,"column":0},"end":{"line":40,"column":null}}}},"branchMap":{"0":{"loc":{"start":{"line":17,"column":0},"end":{"line":17,"column":null}},"type":"binary-expr","locations":[{"start":{"line":17,"column":0},"end":{"line":17,"column":null}},{"start":{"line":17,"column":0},"end":{"line":17,"column":null}}]},"1":{"loc":{"start":{"line":24,"column":0},"end":{"line":24,"column":null}},"type":"binary-expr","locations":[{"start":{"line":24,"column":0},"end":{"line":24,"column":null}},{"start":{"line":24,"column":0},"end":{"line":24,"column":null}}]},"2":{"loc":{"start":{"line":31,"column":0},"end":{"line":33,"column":null}},"type":"if","locations":[{"start":{"line":31,"column":0},"end":{"line":33,"column":null}},{"start":{"line":31,"column":0},"end":{"line":33,"column":null}}]},"3":{"loc":{"start":{"line":31,"column":0},"end":{"line":31,"column":null}},"type":"binary-expr","locations":[{"start":{"line":31,"column":0},"end":{"line":31,"column":null}},{"start":{"line":31,"column":0},"end":{"line":31,"column":null}}]}},"s":{"0":1,"1":1,"2":1,"3":4,"4":3,"5":3,"6":4,"7":4,"8":2,"9":2,"10":2,"11":0,"12":1,"13":1},"f":{"0":4,"1":3,"2":3,"3":4},"b":{"0":[3,3],"1":[3,3],"2":[2,2],"3":[4,3]}}
}
