TN:
SF:/Users/rwaltenberg/Development/cards/src/api/deckofcards.ts
FN:29,(anonymous_0)
FN:63,(anonymous_1)
FN:74,(anonymous_2)
FN:75,(anonymous_3)
FNF:4
FNH:4
FNDA:1,(anonymous_0)
FNDA:1,(anonymous_1)
FNDA:2,(anonymous_2)
FNDA:1,(anonymous_3)
DA:1,2
DA:2,2
DA:3,2
DA:26,2
DA:27,2
DA:30,1
DA:31,1
DA:32,1
DA:34,1
DA:36,1
DA:37,0
DA:40,1
DA:42,1
DA:44,1
DA:45,0
DA:48,1
DA:50,1
DA:51,0
DA:54,1
DA:56,1
DA:57,0
DA:60,1
DA:64,1
DA:66,1
DA:67,0
DA:70,1
DA:72,1
DA:74,2
DA:75,1
DA:77,1
DA:78,1
DA:81,1
LF:32
LH:27
BRDA:36,0,0,0
BRDA:36,0,1,1
BRDA:44,1,0,0
BRDA:44,1,1,1
BRDA:50,2,0,0
BRDA:50,2,1,1
BRDA:54,3,0,0
BRDA:54,3,1,1
BRDA:56,4,0,0
BRDA:56,4,1,1
BRDA:66,5,0,0
BRDA:66,5,1,1
BRDA:66,6,0,1
BRDA:66,6,1,1
BRDA:66,6,2,1
BRDA:70,7,0,1
BRDA:70,7,1,0
BRDA:77,8,0,1
BRDA:77,8,1,0
BRF:19
BRH:11
end_of_record
TN:
SF:/Users/rwaltenberg/Development/cards/src/components/Card.vue
FN:14,(anonymous_1)
FN:22,(anonymous_2)
FN:27,(anonymous_3)
FN:11,(anonymous_4)
FNF:4
FNH:4
FNDA:2,(anonymous_1)
FNDA:8,(anonymous_2)
FNDA:32,(anonymous_3)
FNDA:2,(anonymous_4)
DA:2,3
DA:3,3
DA:4,3
DA:7,6
DA:9,3
DA:11,2
DA:12,3
DA:15,2
DA:16,1
DA:19,1
DA:27,40
DA:29,8
LF:12
LH:12
BRDA:15,0,0,1
BRDA:15,0,1,1
BRF:2
BRH:2
end_of_record
TN:
SF:/Users/rwaltenberg/Development/cards/src/components/Desk.vue
FN:15,(anonymous_1)
FN:16,(anonymous_2)
FN:12,(anonymous_3)
FNF:3
FNH:3
FNDA:3,(anonymous_1)
FNDA:8,(anonymous_2)
FNDA:1,(anonymous_3)
DA:2,2
DA:3,2
DA:4,2
DA:11,2
DA:12,1
DA:13,2
DA:16,11
LF:7
LH:7
BRDA:16,0,0,4
BRDA:16,0,1,4
BRF:2
BRH:2
end_of_record
TN:
SF:/Users/rwaltenberg/Development/cards/src/config/deck.ts
FNF:0
FNH:0
DA:1,7
DA:2,7
DA:25,7
LF:3
LH:3
BRF:0
BRH:0
end_of_record
TN:
SF:/Users/rwaltenberg/Development/cards/src/utils/card-conversion.ts
FN:3,StringToCard
FN:15,(anonymous_1)
FN:22,CardToString
FNF:3
FNH:3
FNDA:49,StringToCard
FNDA:107,(anonymous_1)
FNDA:300,CardToString
DA:1,6
DA:4,49
DA:5,1
DA:8,48
DA:9,48
DA:11,48
DA:12,1
DA:15,107
DA:16,1
DA:19,46
DA:23,300
LF:11
LH:11
BRDA:4,0,0,1
BRDA:4,0,1,48
BRDA:11,1,0,1
BRDA:11,1,1,47
BRDA:15,2,0,1
BRDA:15,2,1,46
BRF:6
BRH:6
end_of_record
TN:
SF:/Users/rwaltenberg/Development/cards/src/utils/combinations.ts
FN:3,combinations
FN:13,(anonymous_1)
FNF:2
FNH:2
FNDA:112,combinations
FNDA:38,(anonymous_1)
DA:4,112
DA:5,32
DA:8,80
DA:9,32
DA:12,48
DA:13,38
DA:16,31
DA:17,31
DA:19,31
DA:20,105
DA:21,105
DA:22,225
DA:26,31
DA:29,3
LF:14
LH:14
BRDA:4,0,0,32
BRDA:4,0,1,80
BRDA:4,1,0,112
BRDA:4,1,1,81
BRDA:8,2,0,32
BRDA:8,2,1,48
BRDA:12,3,0,17
BRDA:12,3,1,31
BRF:8
BRH:8
end_of_record
TN:
SF:/Users/rwaltenberg/Development/cards/src/utils/deck.ts
FN:14,(anonymous_0)
FN:20,(anonymous_1)
FN:24,(anonymous_2)
FN:30,(anonymous_3)
FN:34,(anonymous_4)
FN:35,(anonymous_5)
FN:38,(anonymous_6)
FN:42,(anonymous_7)
FN:46,(anonymous_8)
FN:50,(anonymous_9)
FN:54,(anonymous_10)
FN:55,(anonymous_11)
FN:55,(anonymous_12)
FN:59,(anonymous_13)
FN:60,(anonymous_14)
FN:63,(anonymous_15)
FNF:16
FNH:16
FNDA:5,(anonymous_0)
FNDA:3,(anonymous_1)
FNDA:1,(anonymous_2)
FNDA:4,(anonymous_3)
FNDA:1,(anonymous_4)
FNDA:7,(anonymous_5)
FNDA:6,(anonymous_6)
FNDA:3,(anonymous_7)
FNDA:1,(anonymous_8)
FNDA:3,(anonymous_9)
FNDA:54,(anonymous_10)
FNDA:54,(anonymous_11)
FNDA:270,(anonymous_12)
FNDA:3,(anonymous_13)
FNDA:54,(anonymous_14)
FNDA:1,(anonymous_15)
DA:1,2
DA:2,2
DA:4,2
DA:5,2
DA:6,2
DA:7,2
DA:12,5
DA:15,5
DA:16,5
DA:17,5
DA:21,3
DA:25,1
DA:27,1
DA:31,4
DA:35,7
DA:39,6
DA:43,3
DA:47,1
DA:51,3
DA:54,54
DA:55,270
DA:60,54
DA:64,1
DA:68,2
LF:24
LH:24
BRF:0
BRH:0
end_of_record
TN:
SF:/Users/rwaltenberg/Development/cards/src/utils/is-full-house.ts
FN:3,isFullHouse
FN:5,(anonymous_1)
FNF:2
FNH:2
FNDA:65,isFullHouse
FNDA:325,(anonymous_1)
DA:1,3
DA:4,65
DA:5,325
DA:10,65
LF:4
LH:4
BRDA:10,0,0,65
BRDA:10,0,1,64
BRF:2
BRH:2
end_of_record
TN:
SF:/Users/rwaltenberg/Development/cards/src/utils/rotate-array-to-item.ts
FN:3,rotateArrayToItem
FNF:1
FNH:1
FNDA:1222,rotateArrayToItem
DA:1,4
DA:4,1222
DA:6,1222
DA:7,1
DA:10,1221
LF:5
LH:5
BRDA:6,0,0,1
BRDA:6,0,1,1221
BRF:2
BRH:2
end_of_record
TN:
SF:/Users/rwaltenberg/Development/cards/src/utils/rotate-array.ts
FN:1,rotateArray
FNF:1
FNH:1
FNDA:1224,rotateArray
DA:2,1224
DA:3,1
DA:6,1223
LF:3
LH:3
BRDA:2,0,0,1
BRDA:2,0,1,1223
BRF:2
BRH:2
end_of_record
TN:
SF:/Users/rwaltenberg/Development/cards/src/utils/sort-cards.ts
FN:6,rankCard
FN:11,(anonymous_1)
FN:18,(anonymous_2)
FN:18,(anonymous_3)
FN:21,sortCards
FN:22,(anonymous_5)
FN:25,sortByRank
FN:26,(anonymous_7)
FNF:8
FNH:8
FNDA:610,rankCard
FNDA:610,(anonymous_1)
FNDA:3994,(anonymous_2)
FNDA:1384,(anonymous_3)
FNDA:7,sortCards
FNDA:49,(anonymous_5)
FNDA:55,sortByRank
FNDA:277,(anonymous_7)
DA:1,3
DA:3,3
DA:4,3
DA:11,610
DA:13,610
DA:18,3994
DA:22,49
DA:26,277
DA:29,3
LF:9
LH:9
BRDA:6,0,0,56
BRF:1
BRH:1
end_of_record
TN:
SF:/Users/rwaltenberg/Development/cards/src/views/Create.vue
FN:5,(anonymous_1)
FN:6,(anonymous_2)
FN:10,(anonymous_3)
FN:11,(anonymous_4)
FNF:4
FNH:4
FNDA:3,(anonymous_1)
FNDA:30,(anonymous_2)
FNDA:5,(anonymous_3)
FNDA:54,(anonymous_4)
DA:2,1
DA:5,2
DA:6,33
DA:7,3
DA:8,3
DA:11,59
DA:12,5
DA:14,5
DA:15,3
DA:18,2
DA:20,2
DA:21,2
DA:22,2
DA:24,0
DA:25,0
LF:15
LH:13
BRDA:14,0,0,3
BRDA:14,0,1,2
BRDA:14,1,0,5
BRDA:14,1,1,4
BRDA:14,1,2,3
BRF:5
BRH:5
end_of_record
TN:
SF:/Users/rwaltenberg/Development/cards/src/views/Deck.vue
FN:12,(anonymous_1)
FN:16,(anonymous_2)
FN:23,(anonymous_3)
FN:28,(anonymous_4)
FNF:4
FNH:4
FNDA:4,(anonymous_1)
FNDA:3,(anonymous_2)
FNDA:3,(anonymous_3)
FNDA:4,(anonymous_4)
DA:2,1
DA:4,1
DA:11,1
DA:13,4
DA:17,3
DA:24,3
DA:28,1
DA:29,4
DA:31,4
DA:32,2
DA:35,2
DA:36,2
DA:38,0
LF:13
LH:12
BRDA:17,0,0,3
BRDA:17,0,1,3
BRDA:24,1,0,3
BRDA:24,1,1,3
BRDA:31,2,0,2
BRDA:31,2,1,2
BRDA:31,3,0,4
BRDA:31,3,1,3
BRF:8
BRH:8
end_of_record
